Removed Pin From Net: NetName=GND Pin=C?-1
Remove Pin from Net: Failed to remove Pin
Removed Member From Class: ClassName=Placa_Final_Embebidos Member=C?
Removed Member From Class: ClassName=Placa_Final_Embebidos Member=Y?
Added Component: Designator=U?(K64F_DevBoard_Headers_MIRROR)
Add component (AddParameter): Name = "ComponentLink1Description"; Value = "Manufacturer URL"; VariantName = "[No Variations]"
Add component (AddParameter): Name = "ComponentLink1URL"; Value = "http://www.freescale.com/"; VariantName = "[No Variations]"
Add component (AddParameter): Name = "ComponentLink2Description"; Value = "Datasheet"; VariantName = "[No Variations]"
Add component (AddParameter): Name = "ComponentLink2URL"; Value = "http://cache.freescale.com/files/microcontrollers/doc/data_sheet/K64P144M120SF5.pdf?pspll=1"; VariantName = "[No Variations]"
Add component (AddParameter): Name = "ComponentLink3Description"; Value = "Package Specification"; VariantName = "[No Variations]"
Add component (AddParameter): Name = "ComponentLink3URL"; Value = "http://cache.freescale.com/files/shared/doc/package_info/98ASS23308W.pdf"; VariantName = "[No Variations]"
Add component (AddParameter): Name = "DatasheetVersion"; Value = "Rev. 3"; VariantName = "[No Variations]"
Add component (AddParameter): Name = "Flash"; Value = "1 MB"; VariantName = "[No Variations]"
Add component (AddParameter): Name = "Manufacturer"; Value = "Freescale Semiconductor"; VariantName = "[No Variations]"
Add component (AddParameter): Name = "Mounting Technology"; Value = "Surface Mount"; VariantName = "[No Variations]"
Add component (AddParameter): Name = "PackageDescription"; Value = "100-Pin Plastic Quad Flat Package, Body 14 x 14 mm, Pitch 0.5 mm"; VariantName = "[No Variations]"
Add component (AddParameter): Name = "PackageVersion"; Value = "Rev. J"; VariantName = "[No Variations]"
Add component (AddParameter): Name = "Packing"; Value = "Tray"; VariantName = "[No Variations]"
Add component (AddParameter): Name = "PartNumber"; Value = "MK64FN1M0VLL12"; VariantName = "[No Variations]"
Add component (AddParameter): Name = "RoHS"; Value = "TRUE"; VariantName = "[No Variations]"
Add component (AddParameter): Name = "SRAM"; Value = "256 KB"; VariantName = "[No Variations]"
Add component (AddParameter): Name = "Temperature Range"; Value = "-40 to 105 degC"; VariantName = "[No Variations]"
Add component (AddParameter): Name = "VBAT"; Value = "1.71 to 3.6 V"; VariantName = "[No Variations]"
Add component (AddParameter): Name = "VDD"; Value = "1.71 to 3.6 V"; VariantName = "[No Variations]"
Add component (AddParameter): Name = "VDDA"; Value = "1.71 to 3.6 V"; VariantName = "[No Variations]"
Added Component: Designator=U?(K64F_DevBoard_Headers_MIRROR)
Add component (AddParameter): Name = "ComponentLink1Description"; Value = "Manufacturer URL"; VariantName = "[No Variations]"
Add component (AddParameter): Name = "ComponentLink1URL"; Value = "http://www.freescale.com/"; VariantName = "[No Variations]"
Add component (AddParameter): Name = "ComponentLink2Description"; Value = "Datasheet"; VariantName = "[No Variations]"
Add component (AddParameter): Name = "ComponentLink2URL"; Value = "http://cache.freescale.com/files/microcontrollers/doc/data_sheet/K64P144M120SF5.pdf?pspll=1"; VariantName = "[No Variations]"
Add component (AddParameter): Name = "ComponentLink3Description"; Value = "Package Specification"; VariantName = "[No Variations]"
Add component (AddParameter): Name = "ComponentLink3URL"; Value = "http://cache.freescale.com/files/shared/doc/package_info/98ASS23308W.pdf"; VariantName = "[No Variations]"
Add component (AddParameter): Name = "DatasheetVersion"; Value = "Rev. 3"; VariantName = "[No Variations]"
Add component (AddParameter): Name = "Flash"; Value = "1 MB"; VariantName = "[No Variations]"
Add component (AddParameter): Name = "Manufacturer"; Value = "Freescale Semiconductor"; VariantName = "[No Variations]"
Add component (AddParameter): Name = "Mounting Technology"; Value = "Surface Mount"; VariantName = "[No Variations]"
Add component (AddParameter): Name = "PackageDescription"; Value = "100-Pin Plastic Quad Flat Package, Body 14 x 14 mm, Pitch 0.5 mm"; VariantName = "[No Variations]"
Add component (AddParameter): Name = "PackageVersion"; Value = "Rev. J"; VariantName = "[No Variations]"
Add component (AddParameter): Name = "Packing"; Value = "Tray"; VariantName = "[No Variations]"
Add component (AddParameter): Name = "PartNumber"; Value = "MK64FN1M0VLL12"; VariantName = "[No Variations]"
Add component (AddParameter): Name = "RoHS"; Value = "TRUE"; VariantName = "[No Variations]"
Add component (AddParameter): Name = "SRAM"; Value = "256 KB"; VariantName = "[No Variations]"
Add component (AddParameter): Name = "Temperature Range"; Value = "-40 to 105 degC"; VariantName = "[No Variations]"
Add component (AddParameter): Name = "VBAT"; Value = "1.71 to 3.6 V"; VariantName = "[No Variations]"
Add component (AddParameter): Name = "VDD"; Value = "1.71 to 3.6 V"; VariantName = "[No Variations]"
Add component (AddParameter): Name = "VDDA"; Value = "1.71 to 3.6 V"; VariantName = "[No Variations]"
Added Pin To Net: NetName=GND Pin=U?-9
Added Pin To Net: NetName=GND Pin=U?-14
Added Pin To Net: NetName=GND Pin=U?-15
Added Pin To Net: NetName=GND Pin=U?-16
Added Pin To Net: NetName=GND Pin=U?-17
Added Pin To Net: NetName=GND Pin=U?-18
Added Pin To Net: NetName=GND Pin=U?-19
Added Pin To Net: NetName=GND Pin=U?-20
Added Pin To Net: NetName=GND Pin=U?-21
Added Pin To Net: NetName=GND Pin=U?-24
Added Pin To Net: NetName=GND Pin=U?-25
Added Pin To Net: NetName=GND Pin=U?-41
Added Pin To Net: NetName=GND Pin=U?-49
Added Pin To Net: NetName=GND Pin=U?-60
Added Pin To Net: NetName=GND Pin=U?-74
Added Pin To Net: NetName=GND Pin=U?-88
Added Pin To Net: NetName=+3V3 Pin=U?-8
Added Pin To Net: NetName=+3V3 Pin=U?-22
Added Pin To Net: NetName=+3V3 Pin=U?-40
Added Pin To Net: NetName=+3V3 Pin=U?-48
Added Pin To Net: NetName=+3V3 Pin=U?-61
Added Pin To Net: NetName=+3V3 Pin=U?-75
Added Pin To Net: NetName=+3V3 Pin=U?-89
Added Net: Name=+3V3
Added Member To Class: ClassName=Placa_Final_Embebidos Member=Component U? MK64FN1M0VLL12
Added Member To Class: ClassName=Placa_Final_Embebidos Member=Component U? MK64FN1M0VLL12
