Change Component Designator: Old Designator=C4 New Designator=C5
Change Component Designator: Old Designator=C6 New Designator=C4
Change Component Designator: Old Designator=D1 New Designator=D2
Change Component Designator: Old Designator=D2 New Designator=D3
Change Component Designator: Old Designator=D3 New Designator=D4
Change Component Designator: Old Designator=D4 New Designator=D1
Change Component Designator: Old Designator=J2 New Designator=J3
Change Component Designator: Old Designator=J3 New Designator=J2
Change Component Designator: Old Designator=P1 New Designator=P2
Change Component Designator: Old Designator=P3 New Designator=P1
Change Component Designator: Old Designator=R21 New Designator=R29
Change Component Designator: Old Designator=R22 New Designator=R23
Change Component Designator: Old Designator=R23 New Designator=R24
Change Component Designator: Old Designator=R24 New Designator=R35
Change Component Designator: Old Designator=R27 New Designator=R36
Change Component Designator: Old Designator=R28 New Designator=R22
Change Component Designator: Old Designator=R29 New Designator=R27
Change Component Designator: Old Designator=R30 New Designator=R28
Change Component Designator: Old Designator=R31 New Designator=R37
Change Component Designator: Old Designator=R32 New Designator=R21
Change Component Designator: Old Designator=R33 New Designator=R30
Change Component Designator: Old Designator=R34 New Designator=R31
Change Component Designator: Old Designator=R35 New Designator=R34
Change Component Designator: Old Designator=R36 New Designator=R32
Change Component Designator: Old Designator=R37 New Designator=R33
Change Component Designator: Old Designator=U1 New Designator=U4
Change Component Designator: Old Designator=U1 New Designator=U4
Change Component Designator: Old Designator=U1 New Designator=U4
Change Component Designator: Old Designator=U3 New Designator=U5
Change Component Designator: Old Designator=U4 New Designator=U2
Change Component Designator: Old Designator=U5 New Designator=U3
