Removed Pin From Net: NetName=GND Pin=U1-9
Removed Pin From Net: NetName=GND Pin=U1-14
Removed Pin From Net: NetName=GND Pin=U1-15
Removed Pin From Net: NetName=GND Pin=U1-16
Removed Pin From Net: NetName=GND Pin=U1-17
Removed Pin From Net: NetName=GND Pin=U1-18
Removed Pin From Net: NetName=GND Pin=U1-19
Removed Pin From Net: NetName=GND Pin=U1-20
Removed Pin From Net: NetName=GND Pin=U1-21
Removed Pin From Net: NetName=GND Pin=U1-24
Removed Pin From Net: NetName=GND Pin=U1-25
Removed Pin From Net: NetName=GND Pin=U1-41
Removed Pin From Net: NetName=GND Pin=U1-49
Removed Pin From Net: NetName=GND Pin=U1-60
Removed Pin From Net: NetName=GND Pin=U1-74
Removed Pin From Net: NetName=GND Pin=U1-88
Removed Member From Class: ClassName=Placa_Final_Embebidos Member=U1
Added Component: Designator=U?(K64F_DevBoard_Headers)
Add component (AddParameter): Name = "ComponentLink1Description"; Value = "Manufacturer URL"; VariantName = "[No Variations]"
Add component (AddParameter): Name = "ComponentLink1URL"; Value = "http://www.freescale.com/"; VariantName = "[No Variations]"
Add component (AddParameter): Name = "ComponentLink2Description"; Value = "Datasheet"; VariantName = "[No Variations]"
Add component (AddParameter): Name = "ComponentLink2URL"; Value = "http://cache.freescale.com/files/microcontrollers/doc/data_sheet/K64P144M120SF5.pdf?pspll=1"; VariantName = "[No Variations]"
Add component (AddParameter): Name = "ComponentLink3Description"; Value = "Package Specification"; VariantName = "[No Variations]"
Add component (AddParameter): Name = "ComponentLink3URL"; Value = "http://cache.freescale.com/files/shared/doc/package_info/98ASS23308W.pdf"; VariantName = "[No Variations]"
Add component (AddParameter): Name = "DatasheetVersion"; Value = "Rev. 3"; VariantName = "[No Variations]"
Add component (AddParameter): Name = "Flash"; Value = "1 MB"; VariantName = "[No Variations]"
Add component (AddParameter): Name = "Manufacturer"; Value = "Freescale Semiconductor"; VariantName = "[No Variations]"
Add component (AddParameter): Name = "Mounting Technology"; Value = "Surface Mount"; VariantName = "[No Variations]"
Add component (AddParameter): Name = "PackageDescription"; Value = "100-Pin Plastic Quad Flat Package, Body 14 x 14 mm, Pitch 0.5 mm"; VariantName = "[No Variations]"
Add component (AddParameter): Name = "PackageVersion"; Value = "Rev. J"; VariantName = "[No Variations]"
Add component (AddParameter): Name = "Packing"; Value = "Tray"; VariantName = "[No Variations]"
Add component (AddParameter): Name = "PartNumber"; Value = "MK64FN1M0VLL12"; VariantName = "[No Variations]"
Add component (AddParameter): Name = "RoHS"; Value = "TRUE"; VariantName = "[No Variations]"
Add component (AddParameter): Name = "SRAM"; Value = "256 KB"; VariantName = "[No Variations]"
Add component (AddParameter): Name = "Temperature Range"; Value = "-40 to 105 degC"; VariantName = "[No Variations]"
Add component (AddParameter): Name = "VBAT"; Value = "1.71 to 3.6 V"; VariantName = "[No Variations]"
Add component (AddParameter): Name = "VDD"; Value = "1.71 to 3.6 V"; VariantName = "[No Variations]"
Add component (AddParameter): Name = "VDDA"; Value = "1.71 to 3.6 V"; VariantName = "[No Variations]"
Add Net: Net with name "NetC?_2" already exists
Added Member To Class: ClassName=Placa_Final_Embebidos Member=Component C? CAP
Added Member To Class: ClassName=Placa_Final_Embebidos Member=Component U? MK64FN1M0VLL12
